<?xml version="1.0" encoding="UTF-8"?>
<testsuite xmlns:xsi="http://www.w3.org/2001/XMLSchema-instance" xsi:noNamespaceSchemaLocation="https://maven.apache.org/surefire/maven-surefire-plugin/xsd/surefire-test-report.xsd" name="com.dentsu.budgetwise.CalculateTest" time="0.04" tests="3" errors="0" skipped="0" failures="0">
  <properties>
[...]
</properties>
  <testcase name="testCalculateMaximumBudgetForSpecificAd" classname="com.dentsu.budgetwise.CalculateTest" time="0.029"/>
  <testcase name="testCampaignBudgetIsSufficient" classname="com.dentsu.budgetwise.CalculateTest" time="0.001"/>
  <testcase name="testCalculateCampaignBudgetCorrectlyCalculateTheBudget" classname="com.dentsu.budgetwise.CalculateTest" time="0.001"/>
</testsuite>